Loading pytorch-gpu/py3/2.3.0
  Loading requirement: cuda/12.2.0 nccl/2.19.3-1-cuda cudnn/8.9.5.30-cuda
    gcc/10.1.0 openmpi/4.1.5-cuda intel-mkl/2020.4 magma/2.7.2-cuda sox/14.4.2
    hdf5/1.12.0-mpi-cuda libjpeg-turbo/2.1.3 ffmpeg/6.1.1

A module that was compiled using NumPy 1.x cannot be run in
NumPy 2.4.4 as it may crash. To support both 1.x and 2.x
versions of NumPy, modules must be compiled with NumPy 2.0.
Some module may need to rebuild instead e.g. with 'pybind11>=2.12'.

If you are a user of the module, the easiest solution will be to
downgrade to 'numpy<2' or try to upgrade the affected module.
We expect that some modules will need time to support NumPy 2.

Traceback (most recent call last):  File "/lustre/fswork/projects/rech/ltc/ufk94qf/hackathon_project/train_profile_torch.py", line 24, in <module>
    from TarFlow.architecture import Model
  File "/lustre/fswork/projects/rech/ltc/ufk94qf/hackathon_project/TarFlow/architecture.py", line 2, in <module>
    import lightning as L
  File "/gpfslocalsup/pub/anaconda-py3/2023.09/envs/pytorch-gpu-2.3.0+py3.11.5/lib/python3.11/site-packages/lightning/__init__.py", line 21, in <module>
    from lightning.pytorch.callbacks import Callback  # noqa: E402
  File "/gpfslocalsup/pub/anaconda-py3/2023.09/envs/pytorch-gpu-2.3.0+py3.11.5/lib/python3.11/site-packages/lightning/pytorch/__init__.py", line 27, in <module>
    from lightning.pytorch.callbacks import Callback  # noqa: E402
  File "/gpfslocalsup/pub/anaconda-py3/2023.09/envs/pytorch-gpu-2.3.0+py3.11.5/lib/python3.11/site-packages/lightning/pytorch/callbacks/__init__.py", line 14, in <module>
    from lightning.pytorch.callbacks.batch_size_finder import BatchSizeFinder
  File "/gpfslocalsup/pub/anaconda-py3/2023.09/envs/pytorch-gpu-2.3.0+py3.11.5/lib/python3.11/site-packages/lightning/pytorch/callbacks/batch_size_finder.py", line 26, in <module>
    from lightning.pytorch.callbacks.callback import Callback
  File "/gpfslocalsup/pub/anaconda-py3/2023.09/envs/pytorch-gpu-2.3.0+py3.11.5/lib/python3.11/site-packages/lightning/pytorch/callbacks/callback.py", line 22, in <module>
    from lightning.pytorch.utilities.types import STEP_OUTPUT
  File "/gpfslocalsup/pub/anaconda-py3/2023.09/envs/pytorch-gpu-2.3.0+py3.11.5/lib/python3.11/site-packages/lightning/pytorch/utilities/types.py", line 41, in <module>
    from torchmetrics import Metric
  File "/gpfslocalsup/pub/anaconda-py3/2023.09/envs/pytorch-gpu-2.3.0+py3.11.5/lib/python3.11/site-packages/torchmetrics/__init__.py", line 26, in <module>
    from torchmetrics import functional  # noqa: E402
  File "/gpfslocalsup/pub/anaconda-py3/2023.09/envs/pytorch-gpu-2.3.0+py3.11.5/lib/python3.11/site-packages/torchmetrics/functional/__init__.py", line 122, in <module>
    from torchmetrics.functional.text._deprecated import _bleu_score as bleu_score
  File "/gpfslocalsup/pub/anaconda-py3/2023.09/envs/pytorch-gpu-2.3.0+py3.11.5/lib/python3.11/site-packages/torchmetrics/functional/text/__init__.py", line 17, in <module>
    from torchmetrics.functional.text.chrf import chrf_score
  File "/gpfslocalsup/pub/anaconda-py3/2023.09/envs/pytorch-gpu-2.3.0+py3.11.5/lib/python3.11/site-packages/torchmetrics/functional/text/chrf.py", line 44, in <module>
    _EPS_SMOOTHING = tensor(1e-16)
/gpfslocalsup/pub/anaconda-py3/2023.09/envs/pytorch-gpu-2.3.0+py3.11.5/lib/python3.11/site-packages/torchmetrics/functional/text/chrf.py:44: UserWarning: Failed to initialize NumPy: 
A module that was compiled using NumPy 1.x cannot be run in
NumPy 2.4.4 as it may crash. To support both 1.x and 2.x
versions of NumPy, modules must be compiled with NumPy 2.0.
Some module may need to rebuild instead e.g. with 'pybind11>=2.12'.

If you are a user of the module, the easiest solution will be to
downgrade to 'numpy<2' or try to upgrade the affected module.
We expect that some modules will need time to support NumPy 2.

 (Triggered internally at /gpfs7kro/gpfslocalsup/src/pub/anaconda-py3/2023.09/pytorch-gpu-2.3.0+py3.11.5+cuda-12.2/pytorch-2.3.0/torch/csrc/utils/tensor_numpy.cpp:84.)
  _EPS_SMOOTHING = tensor(1e-16)
================================================================================
TORCH PROFILER RUN
================================================================================
profile_dir: profiles/profile_20260511_203550
device: cuda
gpu: NVIDIA A100-SXM4-80GB
torch: 2.3.0
cuda torch build: 12.2
data_path: data/train_set_tensor.pt
batch_size: 256
num_workers: 0
img_size: 64
patch_size: 2
channels: 128
num_blocks: 1
layers_per_block: 8
schedule: wait=5, warmup=5, active=10, repeat=3
record_shapes: True
profile_memory: True
with_stack: False
================================================================================
step=1/60
step=2/60
step=3/60
step=4/60
step=5/60
step=6/60
step=7/60
step=8/60
step=9/60
STAGE:2026-05-11 20:35:53 2844995:2844995 ActivityProfilerController.cpp:314] Completed Stage: Warm Up
step=10/60
step=11/60
step=12/60
step=13/60
step=14/60
step=15/60
step=16/60
step=17/60
step=18/60
step=19/60
STAGE:2026-05-11 20:35:55 2844995:2844995 ActivityProfilerController.cpp:320] Completed Stage: Collection
STAGE:2026-05-11 20:35:55 2844995:2844995 ActivityProfilerController.cpp:324] Completed Stage: Post Processing

================================================================================
TRACE READY: profiles/profile_20260511_203550/trace_step_20.json
================================================================================
-------------------------------------------------------  ------------  ------------  ------------  ------------  ------------  ------------  ------------  ------------  ------------  ------------  ------------  ------------  ------------  ------------  
                                                   Name    Self CPU %      Self CPU   CPU total %     CPU total  CPU time avg     Self CUDA   Self CUDA %    CUDA total  CUDA time avg       CPU Mem  Self CPU Mem      CUDA Mem  Self CUDA Mem    # of Calls  
-------------------------------------------------------  ------------  ------------  ------------  ------------  ------------  ------------  ------------  ------------  ------------  ------------  ------------  ------------  ------------  ------------  
                                          ProfilerStep*         0.05%       1.523ms        58.35%        1.700s     169.952ms       0.000us         0.00%     529.532ms      52.953ms           0 b           0 b           0 b    -240.01 Mb            10  
                                        01_forward_loss         0.79%      22.937ms        20.31%     591.410ms      59.141ms       0.000us         0.00%     520.781ms      52.078ms       1.33 Kb         -16 b      91.75 Gb     -36.48 Gb            10  
                                        01_forward_loss         0.00%       0.000us         0.00%       0.000us       0.000us     502.325ms        20.90%     502.325ms      50.233ms           0 b           0 b           0 b           0 b            10  
fmha_cutlassB_bf16_aligned_64x64_k64_seqaligned_sm80...         0.00%       0.000us         0.00%       0.000us       0.000us     490.427ms        20.41%     490.427ms       5.449ms           0 b           0 b           0 b           0 b            90  
autograd::engine::evaluate_function: ScaledDotProduc...         0.03%       1.002ms         1.01%      29.456ms     368.200us       0.000us         0.00%     451.662ms       5.646ms      -1.25 Kb      -1.25 Kb     -10.31 Gb     -25.31 Gb            80  
            ScaledDotProductEfficientAttentionBackward0         0.02%     469.000us         0.98%      28.454ms     355.675us       0.000us         0.00%     451.662ms       5.646ms           0 b           0 b      15.00 Gb           0 b            80  
aten::_scaled_dot_product_efficient_attention_backwa...         0.04%       1.300ms         0.96%      27.985ms     349.812us       0.000us         0.00%     451.662ms       5.646ms           0 b           0 b      15.00 Gb           0 b            80  
                    aten::_efficient_attention_backward         0.06%       1.661ms         0.87%      25.429ms     317.863us     435.901ms        18.14%     451.662ms       5.646ms           0 b           0 b      15.00 Gb     -10.17 Gb            80  
autograd::engine::evaluate_function: NativeLayerNorm...         0.09%       2.524ms         4.46%     130.042ms     812.763us       0.000us         0.00%     351.315ms       2.196ms           0 b           0 b     -40.31 Gb     -60.44 Gb           160  
                       aten::native_layer_norm_backward         0.08%       2.273ms         2.94%      85.702ms     535.638us     315.994ms        13.15%     316.755ms       1.980ms           0 b           0 b      20.00 Gb           0 b           160  
                               NativeLayerNormBackward0         0.04%       1.225ms         2.98%      86.892ms     543.075us       0.000us         0.00%     314.777ms       1.967ms           0 b           0 b      20.00 Gb     128.00 Mb           160  
void at::native::(anonymous namespace)::GammaBetaBac...         0.00%       0.000us         0.00%       0.000us       0.000us     278.321ms        11.58%     278.321ms       1.538ms           0 b           0 b           0 b           0 b           181  
                                           aten::linear         0.12%       3.584ms         5.72%     166.675ms     245.110us       0.000us         0.00%     218.806ms     321.774us           0 b           0 b     102.28 Gb    -761.27 Mb           680  
fmha_cutlassF_bf16_aligned_64x64_rf_sm80(PyTorchMemE...         0.00%       0.000us         0.00%       0.000us       0.000us     209.355ms         8.71%     209.355ms       2.379ms           0 b           0 b           0 b           0 b            88  
                     aten::scaled_dot_product_attention         0.09%       2.734ms         0.66%      19.318ms     222.046us       0.000us         0.00%     195.363ms       2.246ms       1.36 Kb          96 b       5.78 Gb     326.00 Mb            87  
          aten::_scaled_dot_product_efficient_attention         0.06%       1.647ms         0.15%       4.232ms      52.900us       0.000us         0.00%     192.656ms       2.408ms       1.25 Kb           0 b       5.16 Gb           0 b            80  
                     aten::_efficient_attention_forward         0.04%       1.116ms         0.08%       2.320ms      29.000us     190.316ms         7.92%     192.656ms       2.408ms       1.25 Kb         280 b       5.16 Gb           0 b            80  
    autograd::engine::evaluate_function: AddmmBackward0         0.15%       4.476ms         6.60%     192.311ms     582.761us       0.000us         0.00%     190.669ms     577.785us           0 b           0 b     -40.12 Gb     -75.77 Gb           330  
                                            aten::copy_         0.80%      23.438ms        20.41%     594.336ms     273.888us     138.517ms         5.76%     147.696ms      68.063us           0 b           0 b           0 b           0 b          2170  
                                               aten::mm         0.43%      12.596ms         5.13%     149.421ms     219.737us     125.640ms         5.23%     127.330ms     187.250us           0 b           0 b      36.28 Gb      36.28 Gb           680  
                                         AddmmBackward0         0.12%       3.422ms         5.37%     156.511ms     474.276us       0.000us         0.00%     125.605ms     380.621us           0 b           0 b      35.65 Gb           0 b           330  
void at::native::(anonymous namespace)::vectorized_l...         0.00%       0.000us         0.00%       0.000us       0.000us     112.836ms         4.70%     112.836ms     641.114us           0 b           0 b           0 b           0 b           176  
                                         aten::_to_copy         0.46%      13.260ms        20.51%     597.235ms     292.762us       0.000us         0.00%     106.596ms      52.253us           0 b           0 b      43.31 Gb           0 b          2040  
                                aten::native_layer_norm         0.11%       3.243ms         0.22%       6.343ms      39.644us     102.578ms         4.27%     102.578ms     641.112us           0 b           0 b      20.31 Gb           0 b           160  
                                               aten::to         1.32%      38.435ms        20.61%     600.383ms     250.160us       0.000us         0.00%     102.264ms      42.610us           0 b           0 b      43.31 Gb       2.21 Gb          2400  
                                       aten::layer_norm         0.04%       1.161ms         0.27%       7.770ms      42.692us       0.000us         0.00%     101.937ms     560.093us           0 b           0 b      23.11 Gb       2.03 Gb           182  
                                            aten::addmm         0.28%       8.279ms         1.81%      52.684ms     159.648us      84.116ms         3.50%      91.701ms     277.882us           0 b           0 b      45.12 Gb      45.12 Gb           330  
void at::native::(anonymous namespace)::layer_norm_g...         0.00%       0.000us         0.00%       0.000us       0.000us      79.134ms         3.29%      79.134ms     437.204us           0 b           0 b           0 b           0 b           181  
ampere_bf16_s1688gemm_bf16_128x128_ldg8_relu_f2f_sta...         0.00%       0.000us         0.00%       0.000us       0.000us      74.020ms         3.08%      74.020ms     280.379us           0 b           0 b           0 b           0 b           264  
void at::native::reduce_kernel<128, 4, at::native::R...         0.00%       0.000us         0.00%       0.000us       0.000us      69.410ms         2.89%      69.410ms     180.755us           0 b           0 b           0 b           0 b           384  
void at::native::unrolled_elementwise_kernel<at::nat...         0.00%       0.000us         0.00%       0.000us       0.000us      68.878ms         2.87%      68.878ms      57.735us           0 b           0 b           0 b           0 b          1193  
                                              aten::sum         0.24%       6.893ms         1.14%      33.204ms      94.869us      62.614ms         2.61%      67.617ms     193.191us           0 b           0 b       5.24 Mb       5.22 Mb           350  
void at::native::(anonymous namespace)::CatArrayBatc...         0.00%       0.000us         0.00%       0.000us       0.000us      60.189ms         2.50%      60.189ms     661.418us           0 b           0 b           0 b           0 b            91  
                                              aten::cat         0.50%      14.557ms         0.61%      17.718ms     161.073us      53.672ms         2.23%      55.862ms     507.836us     120.00 Mb     120.00 Mb      15.23 Gb      15.23 Gb           110  
    autograd::engine::evaluate_function: SplitBackward0         0.02%     534.000us         0.18%       5.184ms      57.600us       0.000us         0.00%      55.369ms     615.211us           0 b           0 b           0 b     -15.12 Gb            90  
                                         SplitBackward0         0.01%     262.000us         0.16%       4.650ms      51.667us       0.000us         0.00%      55.369ms     615.211us           0 b           0 b      15.12 Gb           0 b            90  
void at::native::vectorized_elementwise_kernel<4, at...         0.00%       0.000us         0.00%       0.000us       0.000us      46.485ms         1.93%      46.485ms     516.500us           0 b           0 b           0 b           0 b            90  
                                       cudaLaunchKernel        47.35%        1.379s        47.35%        1.379s     162.829us      44.841ms         1.87%      44.841ms       5.294us           0 b           0 b           0 b           0 b          8470  
void at::native::elementwise_kernel<128, 4, at::nati...         0.00%       0.000us         0.00%       0.000us       0.000us      44.105ms         1.84%      44.105ms     390.310us           0 b           0 b           0 b           0 b           113  
ampere_bf16_s1688gemm_bf16_128x128_ldg8_f2f_stages_3...         0.00%       0.000us         0.00%       0.000us       0.000us      41.876ms         1.74%      41.876ms     219.246us           0 b           0 b           0 b           0 b           191  
-------------------------------------------------------  ------------  ------------  ------------  ------------  ------------  ------------  ------------  ------------  ------------  ------------  ------------  ------------  ------------  ------------  
Self CPU time total: 2.913s
Self CUDA time total: 2.403s

step=20/60
step=21/60
step=22/60
step=23/60
step=24/60
step=25/60
step=26/60
step=27/60
step=28/60
step=29/60
STAGE:2026-05-11 20:36:07 2844995:2844995 ActivityProfilerController.cpp:314] Completed Stage: Warm Up
step=30/60
step=31/60
step=32/60
step=33/60
step=34/60
step=35/60
step=36/60
step=37/60
step=38/60
step=39/60
STAGE:2026-05-11 20:36:09 2844995:2844995 ActivityProfilerController.cpp:320] Completed Stage: Collection
STAGE:2026-05-11 20:36:09 2844995:2844995 ActivityProfilerController.cpp:324] Completed Stage: Post Processing

================================================================================
TRACE READY: profiles/profile_20260511_203550/trace_step_40.json
================================================================================
-------------------------------------------------------  ------------  ------------  ------------  ------------  ------------  ------------  ------------  ------------  ------------  ------------  ------------  ------------  ------------  ------------  
                                                   Name    Self CPU %      Self CPU   CPU total %     CPU total  CPU time avg     Self CUDA   Self CUDA %    CUDA total  CUDA time avg       CPU Mem  Self CPU Mem      CUDA Mem  Self CUDA Mem    # of Calls  
-------------------------------------------------------  ------------  ------------  ------------  ------------  ------------  ------------  ------------  ------------  ------------  ------------  ------------  ------------  ------------  ------------  
                                          ProfilerStep*         0.05%       1.578ms        58.26%        1.705s     170.455ms       0.000us         0.00%     502.604ms      50.260ms           0 b           0 b           0 b    -240.01 Mb            10  
                                        01_forward_loss         0.00%       0.000us         0.00%       0.000us       0.000us     502.262ms        20.85%     502.262ms      50.226ms           0 b           0 b           0 b           0 b            10  
fmha_cutlassB_bf16_aligned_64x64_k64_seqaligned_sm80...         0.00%       0.000us         0.00%       0.000us       0.000us     495.843ms        20.58%     495.843ms       5.449ms           0 b           0 b           0 b           0 b            91  
                                        01_forward_loss         0.28%       8.153ms        20.54%     600.899ms      60.090ms       0.000us         0.00%     493.854ms      49.385ms       1.33 Kb         -32 b      91.75 Gb     -37.64 Gb            10  
autograd::engine::evaluate_function: ScaledDotProduc...         0.03%     883.000us         1.00%      29.258ms     365.725us       0.000us         0.00%     451.475ms       5.643ms      -1.25 Kb      -1.25 Kb     -10.31 Gb     -25.31 Gb            80  
            ScaledDotProductEfficientAttentionBackward0         0.01%     367.000us         0.97%      28.375ms     354.688us       0.000us         0.00%     451.475ms       5.643ms           0 b           0 b      15.00 Gb           0 b            80  
aten::_scaled_dot_product_efficient_attention_backwa...         0.04%       1.133ms         0.96%      28.008ms     350.100us       0.000us         0.00%     451.475ms       5.643ms           0 b           0 b      15.00 Gb           0 b            80  
                    aten::_efficient_attention_backward         0.05%       1.530ms         0.90%      26.324ms     329.050us     435.875ms        18.09%     451.475ms       5.643ms           0 b           0 b      15.00 Gb     -10.17 Gb            80  
autograd::engine::evaluate_function: NativeLayerNorm...         0.08%       2.286ms         4.58%     133.982ms     837.388us       0.000us         0.00%     350.554ms       2.191ms           0 b           0 b     -40.31 Gb     -60.44 Gb           160  
                       aten::native_layer_norm_backward         0.07%       2.093ms         3.08%      90.215ms     563.844us     315.997ms        13.12%     315.997ms       1.975ms           0 b           0 b      20.00 Gb           0 b           160  
                               NativeLayerNormBackward0         0.02%     663.000us         3.10%      90.844ms     567.775us       0.000us         0.00%     314.023ms       1.963ms           0 b           0 b      20.00 Gb     128.00 Mb           160  
void at::native::(anonymous namespace)::GammaBetaBac...         0.00%       0.000us         0.00%       0.000us       0.000us     278.315ms        11.55%     278.315ms       1.538ms           0 b           0 b           0 b           0 b           181  
fmha_cutlassF_bf16_aligned_64x64_rf_sm80(PyTorchMemE...         0.00%       0.000us         0.00%       0.000us       0.000us     209.207ms         8.68%     209.207ms       2.377ms           0 b           0 b           0 b           0 b            88  
                                           aten::linear         0.04%       1.185ms         5.86%     171.603ms     252.357us       0.000us         0.00%     202.047ms     297.128us           0 b           0 b     102.29 Gb      94.10 Mb           680  
                     aten::scaled_dot_product_attention         0.09%       2.505ms         0.69%      20.176ms     229.273us       0.000us         0.00%     190.916ms       2.170ms       1.38 Kb         112 b       5.84 Gb     391.00 Mb            88  
          aten::_scaled_dot_product_efficient_attention         0.05%       1.317ms         0.14%       4.106ms      51.325us       0.000us         0.00%     190.187ms       2.377ms       1.25 Kb           0 b       5.16 Gb           0 b            80  
                     aten::_efficient_attention_forward         0.04%       1.122ms         0.08%       2.433ms      30.413us     190.187ms         7.89%     190.187ms       2.377ms       1.25 Kb         288 b       5.16 Gb           0 b            80  
    autograd::engine::evaluate_function: AddmmBackward0         0.14%       4.147ms         6.62%     193.770ms     587.182us       0.000us         0.00%     183.990ms     557.545us           0 b           0 b     -40.12 Gb     -75.77 Gb           330  
                                            aten::copy_         0.82%      24.060ms        20.60%     602.859ms     277.815us     138.519ms         5.75%     138.519ms      63.834us           0 b           0 b           0 b           0 b          2170  
                                               aten::mm         0.41%      12.069ms         5.23%     153.003ms     225.004us     125.642ms         5.21%     125.642ms     184.768us           0 b           0 b      36.28 Gb      36.28 Gb           680  
                                         AddmmBackward0         0.11%       3.098ms         5.42%     158.640ms     480.727us       0.000us         0.00%     123.920ms     375.515us           0 b           0 b      35.65 Gb           0 b           330  
void at::native::(anonymous namespace)::vectorized_l...         0.00%       0.000us         0.00%       0.000us       0.000us     112.858ms         4.68%     112.858ms     641.239us           0 b           0 b           0 b           0 b           176  
                                       aten::layer_norm         0.05%       1.342ms         0.28%       8.222ms      43.968us       0.000us         0.00%     102.600ms     548.663us           0 b           0 b      23.74 Gb       2.41 Gb           187  
                                aten::native_layer_norm         0.11%       3.302ms         0.22%       6.527ms      40.794us     102.600ms         4.26%     102.600ms     641.250us           0 b           0 b      20.31 Gb           0 b           160  
                                         aten::_to_copy         0.40%      11.602ms        20.62%     603.264ms     295.718us       0.000us         0.00%      98.735ms      48.400us           0 b           0 b      43.31 Gb           0 b          2040  
                                               aten::to         2.00%      58.664ms        20.68%     605.139ms     252.141us       0.000us         0.00%      92.834ms      38.681us           0 b           0 b      43.31 Gb       2.16 Gb          2400  
                                            aten::addmm         0.29%       8.515ms         1.85%      54.150ms     164.091us      84.181ms         3.49%      84.181ms     255.094us           0 b           0 b      45.12 Gb      45.12 Gb           330  
void at::native::(anonymous namespace)::layer_norm_g...         0.00%       0.000us         0.00%       0.000us       0.000us      79.130ms         3.28%      79.130ms     437.182us           0 b           0 b           0 b           0 b           181  
ampere_bf16_s1688gemm_bf16_128x128_ldg8_relu_f2f_sta...         0.00%       0.000us         0.00%       0.000us       0.000us      74.085ms         3.07%      74.085ms     280.625us           0 b           0 b           0 b           0 b           264  
void at::native::reduce_kernel<128, 4, at::native::R...         0.00%       0.000us         0.00%       0.000us       0.000us      69.580ms         2.89%      69.580ms     180.727us           0 b           0 b           0 b           0 b           385  
void at::native::unrolled_elementwise_kernel<at::nat...         0.00%       0.000us         0.00%       0.000us       0.000us      69.051ms         2.87%      69.051ms      57.832us           0 b           0 b           0 b           0 b          1194  
                                              aten::sum         0.22%       6.577ms         1.14%      33.251ms      95.003us      62.598ms         2.60%      62.598ms     178.851us           0 b           0 b       5.24 Mb       5.22 Mb           350  
void at::native::(anonymous namespace)::CatArrayBatc...         0.00%       0.000us         0.00%       0.000us       0.000us      60.206ms         2.50%      60.206ms     661.604us           0 b           0 b           0 b           0 b            91  
                                              aten::cat         0.40%      11.764ms         0.52%      15.211ms     138.282us      53.688ms         2.23%      53.688ms     488.073us     120.00 Mb     120.00 Mb      15.23 Gb      15.23 Gb           110  
    autograd::engine::evaluate_function: SplitBackward0         0.02%     487.000us         0.18%       5.373ms      59.700us       0.000us         0.00%      53.195ms     591.056us           0 b           0 b           0 b     -15.12 Gb            90  
                                         SplitBackward0         0.01%     235.000us         0.17%       4.886ms      54.289us       0.000us         0.00%      53.195ms     591.056us           0 b           0 b      15.12 Gb           0 b            90  
void at::native::vectorized_elementwise_kernel<4, at...         0.00%       0.000us         0.00%       0.000us       0.000us      46.530ms         1.93%      46.530ms     517.000us           0 b           0 b           0 b           0 b            90  
void at::native::elementwise_kernel<128, 4, at::nati...         0.00%       0.000us         0.00%       0.000us       0.000us      44.100ms         1.83%      44.100ms     390.265us           0 b           0 b           0 b           0 b           113  
ampere_bf16_s1688gemm_bf16_128x128_ldg8_f2f_stages_3...         0.00%       0.000us         0.00%       0.000us       0.000us      42.002ms         1.74%      42.002ms     218.760us           0 b           0 b           0 b           0 b           192  
     autograd::engine::evaluate_function: GeluBackward0         0.02%     550.000us         0.49%      14.464ms     180.800us       0.000us         0.00%      41.358ms     516.975us           0 b           0 b     -20.00 Gb     -40.00 Gb            80  
-------------------------------------------------------  ------------  ------------  ------------  ------------  ------------  ------------  ------------  ------------  ------------  ------------  ------------  ------------  ------------  ------------  
Self CPU time total: 2.926s
Self CUDA time total: 2.409s

step=40/60
step=41/60
step=42/60
step=43/60
step=44/60
step=45/60
step=46/60
step=47/60
step=48/60
step=49/60
STAGE:2026-05-11 20:36:20 2844995:2844995 ActivityProfilerController.cpp:314] Completed Stage: Warm Up
step=50/60
step=51/60
step=52/60
step=53/60
step=54/60
step=55/60
step=56/60
step=57/60
step=58/60
step=59/60
STAGE:2026-05-11 20:36:22 2844995:2844995 ActivityProfilerController.cpp:320] Completed Stage: Collection
STAGE:2026-05-11 20:36:22 2844995:2844995 ActivityProfilerController.cpp:324] Completed Stage: Post Processing

================================================================================
TRACE READY: profiles/profile_20260511_203550/trace_step_60.json
================================================================================
-------------------------------------------------------  ------------  ------------  ------------  ------------  ------------  ------------  ------------  ------------  ------------  ------------  ------------  ------------  ------------  ------------  
                                                   Name    Self CPU %      Self CPU   CPU total %     CPU total  CPU time avg     Self CUDA   Self CUDA %    CUDA total  CUDA time avg       CPU Mem  Self CPU Mem      CUDA Mem  Self CUDA Mem    # of Calls  
-------------------------------------------------------  ------------  ------------  ------------  ------------  ------------  ------------  ------------  ------------  ------------  ------------  ------------  ------------  ------------  ------------  
                                          ProfilerStep*         0.06%       1.635ms        58.26%        1.705s     170.461ms       0.000us         0.00%     502.709ms      50.271ms           0 b           0 b           0 b    -240.01 Mb            10  
                                        01_forward_loss         0.00%       0.000us         0.00%       0.000us       0.000us     502.370ms        20.85%     502.370ms      50.237ms           0 b           0 b           0 b           0 b            10  
fmha_cutlassB_bf16_aligned_64x64_k64_seqaligned_sm80...         0.00%       0.000us         0.00%       0.000us       0.000us     495.902ms        20.58%     495.902ms       5.449ms           0 b           0 b           0 b           0 b            91  
                                        01_forward_loss         0.37%      10.712ms        20.58%     602.247ms      60.225ms       0.000us         0.00%     493.940ms      49.394ms       1.33 Kb         -64 b      91.75 Gb     -36.73 Gb            10  
autograd::engine::evaluate_function: ScaledDotProduc...         0.03%     920.000us         1.00%      29.356ms     366.950us       0.000us         0.00%     451.525ms       5.644ms      -1.25 Kb      -1.25 Kb     -10.31 Gb     -25.31 Gb            80  
            ScaledDotProductEfficientAttentionBackward0         0.01%     363.000us         0.97%      28.436ms     355.450us       0.000us         0.00%     451.525ms       5.644ms           0 b           0 b      15.00 Gb           0 b            80  
aten::_scaled_dot_product_efficient_attention_backwa...         0.04%       1.119ms         0.96%      28.073ms     350.913us       0.000us         0.00%     451.525ms       5.644ms           0 b           0 b      15.00 Gb           0 b            80  
                    aten::_efficient_attention_backward         0.05%       1.551ms         0.90%      26.377ms     329.712us     435.925ms        18.09%     451.525ms       5.644ms           0 b           0 b      15.00 Gb     -10.17 Gb            80  
autograd::engine::evaluate_function: NativeLayerNorm...         0.08%       2.336ms         4.57%     133.682ms     835.513us       0.000us         0.00%     350.551ms       2.191ms           0 b           0 b     -40.31 Gb     -60.31 Gb           160  
                               NativeLayerNormBackward0         0.02%     616.000us         3.09%      90.520ms     565.750us       0.000us         0.00%     316.000ms       1.975ms           0 b           0 b      20.00 Gb           0 b           160  
                       aten::native_layer_norm_backward         0.07%       2.127ms         3.07%      89.904ms     561.900us     316.000ms        13.12%     316.000ms       1.975ms           0 b           0 b      20.00 Gb           0 b           160  
void at::native::(anonymous namespace)::GammaBetaBac...         0.00%       0.000us         0.00%       0.000us       0.000us     278.310ms        11.55%     278.310ms       1.538ms           0 b           0 b           0 b           0 b           181  
fmha_cutlassF_bf16_aligned_64x64_rf_sm80(PyTorchMemE...         0.00%       0.000us         0.00%       0.000us       0.000us     209.292ms         8.69%     209.292ms       2.378ms           0 b           0 b           0 b           0 b            88  
                                           aten::linear        -0.13%   -3686.000us         5.88%     172.058ms     253.026us       0.000us         0.00%     202.683ms     298.063us           0 b           0 b     102.26 Gb    -199.28 Mb           680  
                     aten::scaled_dot_product_attention         0.11%       3.151ms         0.75%      21.852ms     230.021us       0.000us         0.00%     191.041ms       2.011ms       1.48 Kb         144 b       6.31 Gb     529.00 Mb            95  
          aten::_scaled_dot_product_efficient_attention         0.04%       1.291ms         0.14%       4.101ms      51.263us       0.000us         0.00%     190.267ms       2.378ms       1.25 Kb           0 b       5.16 Gb           0 b            80  
                     aten::_efficient_attention_forward         0.04%       1.136ms         0.08%       2.446ms      30.575us     190.267ms         7.90%     190.267ms       2.378ms       1.25 Kb         312 b       5.16 Gb           0 b            80  
    autograd::engine::evaluate_function: AddmmBackward0         0.14%       4.178ms         6.62%     193.677ms     586.900us       0.000us         0.00%     183.923ms     557.342us           0 b           0 b     -40.12 Gb     -75.77 Gb           330  
                                            aten::copy_         0.81%      23.763ms        20.59%     602.480ms     277.641us     138.487ms         5.75%     138.487ms      63.819us           0 b           0 b           0 b           0 b          2170  
                                               aten::mm         0.41%      12.070ms         5.22%     152.866ms     224.803us     125.704ms         5.22%     125.704ms     184.859us           0 b           0 b      36.28 Gb      36.28 Gb           680  
                                         AddmmBackward0         0.11%       3.103ms         5.42%     158.507ms     480.324us       0.000us         0.00%     123.985ms     375.712us           0 b           0 b      35.65 Gb           0 b           330  
void at::native::(anonymous namespace)::vectorized_l...         0.00%       0.000us         0.00%       0.000us       0.000us     112.849ms         4.68%     112.849ms     641.188us           0 b           0 b           0 b           0 b           176  
                                       aten::layer_norm         0.04%       1.136ms         0.28%       8.250ms      44.118us       0.000us         0.00%     102.592ms     548.620us           0 b           0 b      23.74 Gb       1.78 Gb           187  
                                aten::native_layer_norm         0.11%       3.350ms         0.23%       6.587ms      41.169us     102.592ms         4.26%     102.592ms     641.200us           0 b           0 b      20.31 Gb           0 b           160  
                                         aten::_to_copy         0.40%      11.802ms        20.62%     603.439ms     295.803us       0.000us         0.00%      98.869ms      48.465us           0 b           0 b      43.31 Gb           0 b          2040  
                                               aten::to         2.37%      69.331ms        20.69%     605.272ms     252.197us       0.000us         0.00%      92.029ms      38.345us           0 b           0 b      43.31 Gb       2.06 Gb          2400  
                                            aten::addmm         0.29%       8.569ms         1.85%      54.191ms     164.215us      84.196ms         3.49%      84.196ms     255.139us           0 b           0 b      45.12 Gb      45.12 Gb           330  
void at::native::(anonymous namespace)::layer_norm_g...         0.00%       0.000us         0.00%       0.000us       0.000us      79.136ms         3.28%      79.136ms     437.215us           0 b           0 b           0 b           0 b           181  
ampere_bf16_s1688gemm_bf16_128x128_ldg8_relu_f2f_sta...         0.00%       0.000us         0.00%       0.000us       0.000us      74.090ms         3.07%      74.090ms     280.644us           0 b           0 b           0 b           0 b           264  
void at::native::reduce_kernel<128, 4, at::native::R...         0.00%       0.000us         0.00%       0.000us       0.000us      69.404ms         2.88%      69.404ms     180.270us           0 b           0 b           0 b           0 b           385  
void at::native::unrolled_elementwise_kernel<at::nat...         0.00%       0.000us         0.00%       0.000us       0.000us      69.042ms         2.87%      69.042ms      57.824us           0 b           0 b           0 b           0 b          1194  
                                              aten::sum         0.23%       6.607ms         1.14%      33.267ms      95.049us      62.481ms         2.59%      62.481ms     178.517us           0 b           0 b       5.24 Mb       5.23 Mb           350  
void at::native::(anonymous namespace)::CatArrayBatc...         0.00%       0.000us         0.00%       0.000us       0.000us      60.206ms         2.50%      60.206ms     661.604us           0 b           0 b           0 b           0 b            91  
                                              aten::cat         0.34%      10.077ms         0.46%      13.526ms     122.964us      53.687ms         2.23%      53.687ms     488.064us     120.00 Mb     120.00 Mb      15.23 Gb      15.23 Gb           110  
    autograd::engine::evaluate_function: SplitBackward0         0.02%     490.000us         0.18%       5.381ms      59.789us       0.000us         0.00%      53.195ms     591.056us           0 b           0 b           0 b     -15.12 Gb            90  
                                         SplitBackward0         0.01%     238.000us         0.17%       4.891ms      54.344us       0.000us         0.00%      53.195ms     591.056us           0 b           0 b      15.12 Gb           0 b            90  
void at::native::vectorized_elementwise_kernel<4, at...         0.00%       0.000us         0.00%       0.000us       0.000us      46.536ms         1.93%      46.536ms     517.067us           0 b           0 b           0 b           0 b            90  
void at::native::elementwise_kernel<128, 4, at::nati...         0.00%       0.000us         0.00%       0.000us       0.000us      44.098ms         1.83%      44.098ms     390.248us           0 b           0 b           0 b           0 b           113  
ampere_bf16_s1688gemm_bf16_128x128_ldg8_f2f_stages_3...         0.00%       0.000us         0.00%       0.000us       0.000us      42.043ms         1.74%      42.043ms     218.974us           0 b           0 b           0 b           0 b           192  
     autograd::engine::evaluate_function: GeluBackward0         0.02%     560.000us         0.50%      14.526ms     181.575us       0.000us         0.00%      41.373ms     517.163us           0 b           0 b     -20.00 Gb     -40.00 Gb            80  
-------------------------------------------------------  ------------  ------------  ------------  ------------  ------------  ------------  ------------  ------------  ------------  ------------  ------------  ------------  ------------  ------------  
Self CPU time total: 2.926s
Self CUDA time total: 2.409s

step=60/60

Done.
Profile files written to: profiles/profile_20260511_203550
Open the trace JSON in https://ui.perfetto.dev
Peak memory allocated: 10.390 GB
Peak memory reserved:   10.540 GB
