Loading pytorch-gpu/py3/2.3.1
  Loading requirement: cuda/12.4.1 nccl/2.21.5-1-cuda cudnn/9.2.0.82-cuda
    gcc/11.5.0 openmpi/4.1.5-cuda intel-oneapi-mkl/2024.1 magma/2.8.0-cuda
    sox/14.4.2 hdf5/1.12.0-mpi-cuda libjpeg-turbo/2.1.3 ffmpeg/6.1.1
============================================================
Array task 5 — batch size = 8192
============================================================
/lustre/fshomisc/sup/pub/anaconda-py3/h100/2024.06/envs/pytorch-gpu-2.3.1+py3.11.9/lib/python3.11/site-packages/torchvision-0.18.1a0+126fc22-py3.11-linux-x86_64.egg/torchvision/io/image.py:13: UserWarning: Failed to load image Python extension: ''If you don't plan on using image functionality from `torchvision.io`, you can ignore this warning. Otherwise, there might be something wrong with your environment. Did you have `libjpeg` or `libpng` installed before building `torchvision` from source?
  warn(
/lustre/fshomisc/sup/pub/anaconda-py3/h100/2024.06/envs/pytorch-gpu-2.3.1+py3.11.9/lib/python3.11/site-packages/torchvision-0.18.1a0+126fc22-py3.11-linux-x86_64.egg/torchvision/io/image.py:13: UserWarning: Failed to load image Python extension: ''If you don't plan on using image functionality from `torchvision.io`, you can ignore this warning. Otherwise, there might be something wrong with your environment. Did you have `libjpeg` or `libpng` installed before building `torchvision` from source?
  warn(
⚙️ Using FACTOR: 1.0
⚙️ World size: 2
✅ Data, Model, and Optimizer initialized.
💾 Checkpoint will be saved as: flow_models/model_20260519_200944.ckpt
✅ Data loaded: 70000 samples, 4 batches per process.
🔥 Starting Training for 5 epochs...
Error in sys.excepthook:
Traceback (most recent call last):
  File "/lustre/fshomisc/sup/pub/anaconda-py3/h100/2024.06/envs/pytorch-gpu-2.3.1+py3.11.9/lib/python3.11/site-packages/torch/distributed/distributed_c10d.py", line 1339, in _distributed_excepthook
    prefix = f"[rank{get_rank()}]"
                     ^^^^^^^^^^
  File "/lustre/fshomisc/sup/pub/anaconda-py3/h100/2024.06/envs/pytorch-gpu-2.3.1+py3.11.9/lib/python3.11/site-packages/torch/distributed/distributed_c10d.py", line 1746, in get_rank
    default_pg = _get_default_group()
                 ^^^^^^^^^^^^^^^^^^^^
  File "/lustre/fshomisc/sup/pub/anaconda-py3/h100/2024.06/envs/pytorch-gpu-2.3.1+py3.11.9/lib/python3.11/site-packages/torch/distributed/distributed_c10d.py", line 1008, in _get_default_group
    raise ValueError(
ValueError: Default process group has not been initialized, please make sure to call init_process_group.

Original exception was:
Traceback (most recent call last):
  File "/lustre/fswork/projects/rech/ltc/ufk94qf/hackathon_project/train_torch_ddp_baseline.py", line 298, in <module>
    main(local_rank, args.batch_size)
  File "/lustre/fswork/projects/rech/ltc/ufk94qf/hackathon_project/train_torch_ddp_baseline.py", line 221, in main
    z, outputs, logdets = model(x, y)
                          ^^^^^^^^^^^
  File "/lustre/fshomisc/sup/pub/anaconda-py3/h100/2024.06/envs/pytorch-gpu-2.3.1+py3.11.9/lib/python3.11/site-packages/torch/nn/modules/module.py", line 1532, in _wrapped_call_impl
    return self._call_impl(*args, **kwargs)
           ^^^^^^^^^^^^^^^^^^^^^^^^^^^^^^^^
  File "/lustre/fshomisc/sup/pub/anaconda-py3/h100/2024.06/envs/pytorch-gpu-2.3.1+py3.11.9/lib/python3.11/site-packages/torch/nn/modules/module.py", line 1541, in _call_impl
    return forward_call(*args, **kwargs)
           ^^^^^^^^^^^^^^^^^^^^^^^^^^^^^
  File "/lustre/fshomisc/sup/pub/anaconda-py3/h100/2024.06/envs/pytorch-gpu-2.3.1+py3.11.9/lib/python3.11/site-packages/torch/nn/parallel/distributed.py", line 1593, in forward
    else self._run_ddp_forward(*inputs, **kwargs)
         ^^^^^^^^^^^^^^^^^^^^^^^^^^^^^^^^^^^^^^^^
  File "/lustre/fshomisc/sup/pub/anaconda-py3/h100/2024.06/envs/pytorch-gpu-2.3.1+py3.11.9/lib/python3.11/site-packages/torch/nn/parallel/distributed.py", line 1411, in _run_ddp_forward
    return self.module(*inputs, **kwargs)  # type: ignore[index]
           ^^^^^^^^^^^^^^^^^^^^^^^^^^^^^^
  File "/lustre/fshomisc/sup/pub/anaconda-py3/h100/2024.06/envs/pytorch-gpu-2.3.1+py3.11.9/lib/python3.11/site-packages/torch/nn/modules/module.py", line 1532, in _wrapped_call_impl
    return self._call_impl(*args, **kwargs)
           ^^^^^^^^^^^^^^^^^^^^^^^^^^^^^^^^
  File "/lustre/fshomisc/sup/pub/anaconda-py3/h100/2024.06/envs/pytorch-gpu-2.3.1+py3.11.9/lib/python3.11/site-packages/torch/nn/modules/module.py", line 1541, in _call_impl
    return forward_call(*args, **kwargs)
           ^^^^^^^^^^^^^^^^^^^^^^^^^^^^^
  File "/lustre/fswork/projects/rech/ltc/ufk94qf/hackathon_project/TarFlow/architecture.py", line 359, in forward
    x, logdet = block(x, y)
                ^^^^^^^^^^^
  File "/lustre/fshomisc/sup/pub/anaconda-py3/h100/2024.06/envs/pytorch-gpu-2.3.1+py3.11.9/lib/python3.11/site-packages/torch/nn/modules/module.py", line 1532, in _wrapped_call_impl
    return self._call_impl(*args, **kwargs)
           ^^^^^^^^^^^^^^^^^^^^^^^^^^^^^^^^
  File "/lustre/fshomisc/sup/pub/anaconda-py3/h100/2024.06/envs/pytorch-gpu-2.3.1+py3.11.9/lib/python3.11/site-packages/torch/nn/modules/module.py", line 1541, in _call_impl
    return forward_call(*args, **kwargs)
           ^^^^^^^^^^^^^^^^^^^^^^^^^^^^^
  File "/lustre/fswork/projects/rech/ltc/ufk94qf/hackathon_project/TarFlow/architecture.py", line 211, in forward
    x = block(x, self.attn_mask)
        ^^^^^^^^^^^^^^^^^^^^^^^^
  File "/lustre/fshomisc/sup/pub/anaconda-py3/h100/2024.06/envs/pytorch-gpu-2.3.1+py3.11.9/lib/python3.11/site-packages/torch/nn/modules/module.py", line 1532, in _wrapped_call_impl
    return self._call_impl(*args, **kwargs)
           ^^^^^^^^^^^^^^^^^^^^^^^^^^^^^^^^
  File "/lustre/fshomisc/sup/pub/anaconda-py3/h100/2024.06/envs/pytorch-gpu-2.3.1+py3.11.9/lib/python3.11/site-packages/torch/nn/modules/module.py", line 1541, in _call_impl
    return forward_call(*args, **kwargs)
           ^^^^^^^^^^^^^^^^^^^^^^^^^^^^^
  File "/lustre/fswork/projects/rech/ltc/ufk94qf/hackathon_project/TarFlow/architecture.py", line 150, in forward
    x = x + self.mlp(x)
            ^^^^^^^^^^^
  File "/lustre/fshomisc/sup/pub/anaconda-py3/h100/2024.06/envs/pytorch-gpu-2.3.1+py3.11.9/lib/python3.11/site-packages/torch/nn/modules/module.py", line 1532, in _wrapped_call_impl
    return self._call_impl(*args, **kwargs)
           ^^^^^^^^^^^^^^^^^^^^^^^^^^^^^^^^
  File "/lustre/fshomisc/sup/pub/anaconda-py3/h100/2024.06/envs/pytorch-gpu-2.3.1+py3.11.9/lib/python3.11/site-packages/torch/nn/modules/module.py", line 1541, in _call_impl
    return forward_call(*args, **kwargs)
           ^^^^^^^^^^^^^^^^^^^^^^^^^^^^^
  File "/lustre/fswork/projects/rech/ltc/ufk94qf/hackathon_project/TarFlow/architecture.py", line 133, in forward
    return self.main(self.norm(x.float()).type(x.dtype))
           ^^^^^^^^^^^^^^^^^^^^^^^^^^^^^^^^^^^^^^^^^^^^^
  File "/lustre/fshomisc/sup/pub/anaconda-py3/h100/2024.06/envs/pytorch-gpu-2.3.1+py3.11.9/lib/python3.11/site-packages/torch/nn/modules/module.py", line 1532, in _wrapped_call_impl
    return self._call_impl(*args, **kwargs)
           ^^^^^^^^^^^^^^^^^^^^^^^^^^^^^^^^
  File "/lustre/fshomisc/sup/pub/anaconda-py3/h100/2024.06/envs/pytorch-gpu-2.3.1+py3.11.9/lib/python3.11/site-packages/torch/nn/modules/module.py", line 1541, in _call_impl
    return forward_call(*args, **kwargs)
           ^^^^^^^^^^^^^^^^^^^^^^^^^^^^^
  File "/lustre/fshomisc/sup/pub/anaconda-py3/h100/2024.06/envs/pytorch-gpu-2.3.1+py3.11.9/lib/python3.11/site-packages/torch/nn/modules/container.py", line 217, in forward
    input = module(input)
            ^^^^^^^^^^^^^
  File "/lustre/fshomisc/sup/pub/anaconda-py3/h100/2024.06/envs/pytorch-gpu-2.3.1+py3.11.9/lib/python3.11/site-packages/torch/nn/modules/module.py", line 1532, in _wrapped_call_impl
    return self._call_impl(*args, **kwargs)
           ^^^^^^^^^^^^^^^^^^^^^^^^^^^^^^^^
  File "/lustre/fshomisc/sup/pub/anaconda-py3/h100/2024.06/envs/pytorch-gpu-2.3.1+py3.11.9/lib/python3.11/site-packages/torch/nn/modules/module.py", line 1541, in _call_impl
    return forward_call(*args, **kwargs)
           ^^^^^^^^^^^^^^^^^^^^^^^^^^^^^
  File "/lustre/fshomisc/sup/pub/anaconda-py3/h100/2024.06/envs/pytorch-gpu-2.3.1+py3.11.9/lib/python3.11/site-packages/torch/nn/modules/activation.py", line 696, in forward
    return F.gelu(input, approximate=self.approximate)
           ^^^^^^^^^^^^^^^^^^^^^^^^^^^^^^^^^^^^^^^^^^^
torch.cuda.OutOfMemoryError: CUDA out of memory. Tried to allocate 8.00 GiB. GPU 
Error in sys.excepthook:
Traceback (most recent call last):
  File "/lustre/fshomisc/sup/pub/anaconda-py3/h100/2024.06/envs/pytorch-gpu-2.3.1+py3.11.9/lib/python3.11/site-packages/torch/distributed/distributed_c10d.py", line 1339, in _distributed_excepthook
    prefix = f"[rank{get_rank()}]"
                     ^^^^^^^^^^
  File "/lustre/fshomisc/sup/pub/anaconda-py3/h100/2024.06/envs/pytorch-gpu-2.3.1+py3.11.9/lib/python3.11/site-packages/torch/distributed/distributed_c10d.py", line 1746, in get_rank
    default_pg = _get_default_group()
                 ^^^^^^^^^^^^^^^^^^^^
  File "/lustre/fshomisc/sup/pub/anaconda-py3/h100/2024.06/envs/pytorch-gpu-2.3.1+py3.11.9/lib/python3.11/site-packages/torch/distributed/distributed_c10d.py", line 1008, in _get_default_group
    raise ValueError(
ValueError: Default process group has not been initialized, please make sure to call init_process_group.

Original exception was:
Traceback (most recent call last):
  File "/lustre/fswork/projects/rech/ltc/ufk94qf/hackathon_project/train_torch_ddp_baseline.py", line 298, in <module>
    main(local_rank, args.batch_size)
  File "/lustre/fswork/projects/rech/ltc/ufk94qf/hackathon_project/train_torch_ddp_baseline.py", line 221, in main
    z, outputs, logdets = model(x, y)
                          ^^^^^^^^^^^
  File "/lustre/fshomisc/sup/pub/anaconda-py3/h100/2024.06/envs/pytorch-gpu-2.3.1+py3.11.9/lib/python3.11/site-packages/torch/nn/modules/module.py", line 1532, in _wrapped_call_impl
    return self._call_impl(*args, **kwargs)
           ^^^^^^^^^^^^^^^^^^^^^^^^^^^^^^^^
  File "/lustre/fshomisc/sup/pub/anaconda-py3/h100/2024.06/envs/pytorch-gpu-2.3.1+py3.11.9/lib/python3.11/site-packages/torch/nn/modules/module.py", line 1541, in _call_impl
    return forward_call(*args, **kwargs)
           ^^^^^^^^^^^^^^^^^^^^^^^^^^^^^
  File "/lustre/fshomisc/sup/pub/anaconda-py3/h100/2024.06/envs/pytorch-gpu-2.3.1+py3.11.9/lib/python3.11/site-packages/torch/nn/parallel/distributed.py", line 1593, in forward
    else self._run_ddp_forward(*inputs, **kwargs)
         ^^^^^^^^^^^^^^^^^^^^^^^^^^^^^^^^^^^^^^^^
  File "/lustre/fshomisc/sup/pub/anaconda-py3/h100/2024.06/envs/pytorch-gpu-2.3.1+py3.11.9/lib/python3.11/site-packages/torch/nn/parallel/distributed.py", line 1411, in _run_ddp_forward
    return self.module(*inputs, **kwargs)  # type: ignore[index]
           ^^^^^^^^^^^^^^^^^^^^^^^^^^^^^^
  File "/lustre/fshomisc/sup/pub/anaconda-py3/h100/2024.06/envs/pytorch-gpu-2.3.1+py3.11.9/lib/python3.11/site-packages/torch/nn/modules/module.py", line 1532, in _wrapped_call_impl
    return self._call_impl(*args, **kwargs)
           ^^^^^^^^^^^^^^^^^^^^^^^^^^^^^^^^
  File "/lustre/fshomisc/sup/pub/anaconda-py3/h100/2024.06/envs/pytorch-gpu-2.3.1+py3.11.9/lib/python3.11/site-packages/torch/nn/modules/module.py", line 1541, in _call_impl
    return forward_call(*args, **kwargs)
           ^^^^^^^^^^^^^^^^^^^^^^^^^^^^^
  File "/lustre/fswork/projects/rech/ltc/ufk94qf/hackathon_project/TarFlow/architecture.py", line 359, in forward
    x, logdet = block(x, y)
                ^^^^^^^^^^^
  File "/lustre/fshomisc/sup/pub/anaconda-py3/h100/2024.06/envs/pytorch-gpu-2.3.1+py3.11.9/lib/python3.11/site-packages/torch/nn/modules/module.py", line 1532, in _wrapped_call_impl
    return self._call_impl(*args, **kwargs)
           ^^^^^^^^^^^^^^^^^^^^^^^^^^^^^^^^
  File "/lustre/fshomisc/sup/pub/anaconda-py3/h100/2024.06/envs/pytorch-gpu-2.3.1+py3.11.9/lib/python3.11/site-packages/torch/nn/modules/module.py", line 1541, in _call_impl
    return forward_call(*args, **kwargs)
           ^^^^^^^^^^^^^^^^^^^^^^^^^^^^^
  File "/lustre/fswork/projects/rech/ltc/ufk94qf/hackathon_project/TarFlow/architecture.py", line 211, in forward
    x = block(x, self.attn_mask)
        ^^^^^^^^^^^^^^^^^^^^^^^^
  File "/lustre/fshomisc/sup/pub/anaconda-py3/h100/2024.06/envs/pytorch-gpu-2.3.1+py3.11.9/lib/python3.11/site-packages/torch/nn/modules/module.py", line 1532, in _wrapped_call_impl
    return self._call_impl(*args, **kwargs)
           ^^^^^^^^^^^^^^^^^^^^^^^^^^^^^^^^
  File "/lustre/fshomisc/sup/pub/anaconda-py3/h100/2024.06/envs/pytorch-gpu-2.3.1+py3.11.9/lib/python3.11/site-packages/torch/nn/modules/module.py", line 1541, in _call_impl
    return forward_call(*args, **kwargs)
           ^^^^^^^^^^^^^^^^^^^^^^^^^^^^^
  File "/lustre/fswork/projects/rech/ltc/ufk94qf/hackathon_project/TarFlow/architecture.py", line 150, in forward
    x = x + self.mlp(x)
            ^^^^^^^^^^^
  File "/lustre/fshomisc/sup/pub/anaconda-py3/h100/2024.06/envs/pytorch-gpu-2.3.1+py3.11.9/lib/python3.11/site-packages/torch/nn/modules/module.py", line 1532, in _wrapped_call_impl
    return self._call_impl(*args, **kwargs)
           ^^^^^^^^^^^^^^^^^^^^^^^^^^^^^^^^
  File "/lustre/fshomisc/sup/pub/anaconda-py3/h100/2024.06/envs/pytorch-gpu-2.3.1+py3.11.9/lib/python3.11/site-packages/torch/nn/modules/module.py", line 1541, in _call_impl
    return forward_call(*args, **kwargs)
           ^^^^^^^^^^^^^^^^^^^^^^^^^^^^^
  File "/lustre/fswork/projects/rech/ltc/ufk94qf/hackathon_project/TarFlow/architecture.py", line 133, in forward
    return self.main(self.norm(x.float()).type(x.dtype))
           ^^^^^^^^^^^^^^^^^^^^^^^^^^^^^^^^^^^^^^^^^^^^^
  File "/lustre/fshomisc/sup/pub/anaconda-py3/h100/2024.06/envs/pytorch-gpu-2.3.1+py3.11.9/lib/python3.11/site-packages/torch/nn/modules/module.py", line 1532, in _wrapped_call_impl
    return self._call_impl(*args, **kwargs)
           ^^^^^^^^^^^^^^^^^^^^^^^^^^^^^^^^
  File "/lustre/fshomisc/sup/pub/anaconda-py3/h100/2024.06/envs/pytorch-gpu-2.3.1+py3.11.9/lib/python3.11/site-packages/torch/nn/modules/module.py", line 1541, in _call_impl
    return forward_call(*args, **kwargs)
           ^^^^^^^^^^^^^^^^^^^^^^^^^^^^^
  File "/lustre/fshomisc/sup/pub/anaconda-py3/h100/2024.06/envs/pytorch-gpu-2.3.1+py3.11.9/lib/python3.11/site-packages/torch/nn/modules/container.py", line 217, in forward
    input = module(input)
            ^^^^^^^^^^^^^
  File "/lustre/fshomisc/sup/pub/anaconda-py3/h100/2024.06/envs/pytorch-gpu-2.3.1+py3.11.9/lib/python3.11/site-packages/torch/nn/modules/module.py", line 1532, in _wrapped_call_impl
    return self._call_impl(*args, **kwargs)
           ^^^^^^^^^^^^^^^^^^^^^^^^^^^^^^^^
  File "/lustre/fshomisc/sup/pub/anaconda-py3/h100/2024.06/envs/pytorch-gpu-2.3.1+py3.11.9/lib/python3.11/site-packages/torch/nn/modules/module.py", line 1541, in _call_impl
    return forward_call(*args, **kwargs)
           ^^^^^^^^^^^^^^^^^^^^^^^^^^^^^
  File "/lustre/fshomisc/sup/pub/anaconda-py3/h100/2024.06/envs/pytorch-gpu-2.3.1+py3.11.9/lib/python3.11/site-packages/torch/nn/modules/activation.py", line 696, in forward
    return F.gelu(input, approximate=self.approximate)
           ^^^^^^^^^^^^^^^^^^^^^^^^^^^^^^^^^^^^^^^^^^^
torch.cuda.OutOfMemoryError: CUDA out of memory. Tried to allocate 8.00 GiB. GPU  has a total capacity of 79.18 GiB of which 6.90 GiB is free. Including non-PyTorch memory, this process has 72.27 GiB memory in use. Of the allocated memory 69.37 GiB is allocated by PyTorch, and 1.82 GiB is reserved by PyTorch but unallocated. If reserved but unallocated memory is large try setting PYTORCH_CUDA_ALLOC_CONF=expandable_segments:True to avoid fragmentation.  See documentation for Memory Management  (https://pytorch.org/docs/stable/notes/cuda.html#environment-variables)
E0519 20:09:56.951000 22896562854976 torch/distributed/elastic/multiprocessing/api.py:826] failed (exitcode: 1) local_rank: 0 (pid: 1938023) of binary: /lustre/fshomisc/sup/pub/anaconda-py3/h100/2024.06/envs/pytorch-gpu-2.3.1+py3.11.9/bin/python
Traceback (most recent call last):
  File "/lustre/fshomisc/sup/pub/anaconda-py3/h100/2024.06/envs/pytorch-gpu-2.3.1+py3.11.9/bin/torchrun", line 33, in <module>
    sys.exit(load_entry_point('torch==2.3.1', 'console_scripts', 'torchrun')())
             ^^^^^^^^^^^^^^^^^^^^^^^^^^^^^^^^^^^^^^^^^^^^^^^^^^^^^^^^^^^^^^^^^
  File "/lustre/fshomisc/sup/pub/anaconda-py3/h100/2024.06/envs/pytorch-gpu-2.3.1+py3.11.9/lib/python3.11/site-packages/torch/distributed/elastic/multiprocessing/errors/__init__.py", line 347, in wrapper
    return f(*args, **kwargs)
           ^^^^^^^^^^^^^^^^^^
  File "/lustre/fshomisc/sup/pub/anaconda-py3/h100/2024.06/envs/pytorch-gpu-2.3.1+py3.11.9/lib/python3.11/site-packages/torch/distributed/run.py", line 879, in main
    run(args)
  File "/lustre/fshomisc/sup/pub/anaconda-py3/h100/2024.06/envs/pytorch-gpu-2.3.1+py3.11.9/lib/python3.11/site-packages/torch/distributed/run.py", line 870, in run
    elastic_launch(
  File "/lustre/fshomisc/sup/pub/anaconda-py3/h100/2024.06/envs/pytorch-gpu-2.3.1+py3.11.9/lib/python3.11/site-packages/torch/distributed/launcher/api.py", line 132, in __call__
    return launch_agent(self._config, self._entrypoint, list(args))
           ^^^^^^^^^^^^^^^^^^^^^^^^^^^^^^^^^^^^^^^^^^^^^^^^^^^^^^^^
  File "/lustre/fshomisc/sup/pub/anaconda-py3/h100/2024.06/envs/pytorch-gpu-2.3.1+py3.11.9/lib/python3.11/site-packages/torch/distributed/launcher/api.py", line 263, in launch_agent
    raise ChildFailedError(
torch.distributed.elastic.multiprocessing.errors.ChildFailedError: 
============================================================
train_torch_ddp_baseline.py FAILED
------------------------------------------------------------
Failures:
[1]:
  time      : 2026-05-19_20:09:56
  host      : jzxh080.hpc.idris.fr
  rank      : 1 (local_rank: 1)
  exitcode  : 1 (pid: 1938024)
  error_file: <N/A>
  traceback : To enable traceback see: https://pytorch.org/docs/stable/elastic/errors.html
------------------------------------------------------------
Root Cause (first observed failure):
[0]:
  time      : 2026-05-19_20:09:56
  host      : jzxh080.hpc.idris.fr
  rank      : 0 (local_rank: 0)
  exitcode  : 1 (pid: 1938023)
  error_file: <N/A>
  traceback : To enable traceback see: https://pytorch.org/docs/stable/elastic/errors.html
============================================================
srun: error: jzxh080: task 0: Exited with exit code 1
srun: Terminating StepId=919423.0
