Loading pytorch-gpu/py3/2.3.1
  Loading requirement: cuda/12.4.1 nccl/2.21.5-1-cuda cudnn/9.2.0.82-cuda
    gcc/11.5.0 openmpi/4.1.5-cuda intel-oneapi-mkl/2024.1 magma/2.8.0-cuda
    sox/14.4.2 hdf5/1.12.0-mpi-cuda libjpeg-turbo/2.1.3 ffmpeg/6.1.1
============================================================
Array task 3 — batch size = 2048
============================================================
/lustre/fshomisc/sup/pub/anaconda-py3/h100/2024.06/envs/pytorch-gpu-2.3.1+py3.11.9/lib/python3.11/site-packages/torchvision-0.18.1a0+126fc22-py3.11-linux-x86_64.egg/torchvision/io/image.py:13: UserWarning: Failed to load image Python extension: ''If you don't plan on using image functionality from `torchvision.io`, you can ignore this warning. Otherwise, there might be something wrong with your environment. Did you have `libjpeg` or `libpng` installed before building `torchvision` from source?
  warn(
/lustre/fshomisc/sup/pub/anaconda-py3/h100/2024.06/envs/pytorch-gpu-2.3.1+py3.11.9/lib/python3.11/site-packages/torchvision-0.18.1a0+126fc22-py3.11-linux-x86_64.egg/torchvision/io/image.py:13: UserWarning: Failed to load image Python extension: ''If you don't plan on using image functionality from `torchvision.io`, you can ignore this warning. Otherwise, there might be something wrong with your environment. Did you have `libjpeg` or `libpng` installed before building `torchvision` from source?
  warn(
⚙️ Using FACTOR: 1.0
⚙️ World size: 2
✅ Data, Model, and Optimizer initialized.
💾 Checkpoint will be saved as: flow_models/model_20260519_200717.ckpt
✅ Data loaded: 70000 samples, 17 batches per process.
🔥 Starting Training for 5 epochs...
Epoch 1/5 | step 10 | batch 10/17 | loss -0.4025
Epoch 1 done | avg loss: -0.4061 | prior_var_mean: 0.9040
Epoch 2/5 | step 20 | batch 3/17 | loss -0.6924
Epoch 2/5 | step 30 | batch 13/17 | loss -0.7877
Epoch 2 done | avg loss: -0.7402 | prior_var_mean: 0.9756
Epoch 3/5 | step 40 | batch 6/17 | loss -0.8219
Epoch 3/5 | step 50 | batch 16/17 | loss -0.8714
Epoch 3 done | avg loss: -0.8415 | prior_var_mean: 0.9853
Epoch 4/5 | step 60 | batch 9/17 | loss -0.9039
Epoch 4 done | avg loss: -0.9030 | prior_var_mean: 0.9958
Epoch 5/5 | step 70 | batch 2/17 | loss -0.9328
Epoch 5/5 | step 80 | batch 12/17 | loss -0.9572
Epoch 5 done | avg loss: -0.9448 | prior_var_mean: 0.9971

✅ Training complete!
Total training time: 83.87 seconds
