Loading pytorch-gpu/py3/2.3.1
  Loading requirement: cuda/12.4.1 nccl/2.21.5-1-cuda cudnn/9.2.0.82-cuda
    gcc/11.5.0 openmpi/4.1.5-cuda intel-oneapi-mkl/2024.1 magma/2.8.0-cuda
    sox/14.4.2 hdf5/1.12.0-mpi-cuda libjpeg-turbo/2.1.3 ffmpeg/6.1.1
============================================================
Array task 2 — batch size = 1024
============================================================
/lustre/fshomisc/sup/pub/anaconda-py3/h100/2024.06/envs/pytorch-gpu-2.3.1+py3.11.9/lib/python3.11/site-packages/torchvision-0.18.1a0+126fc22-py3.11-linux-x86_64.egg/torchvision/io/image.py:13: UserWarning: Failed to load image Python extension: ''If you don't plan on using image functionality from `torchvision.io`, you can ignore this warning. Otherwise, there might be something wrong with your environment. Did you have `libjpeg` or `libpng` installed before building `torchvision` from source?
  warn(
/lustre/fshomisc/sup/pub/anaconda-py3/h100/2024.06/envs/pytorch-gpu-2.3.1+py3.11.9/lib/python3.11/site-packages/torchvision-0.18.1a0+126fc22-py3.11-linux-x86_64.egg/torchvision/io/image.py:13: UserWarning: Failed to load image Python extension: ''If you don't plan on using image functionality from `torchvision.io`, you can ignore this warning. Otherwise, there might be something wrong with your environment. Did you have `libjpeg` or `libpng` installed before building `torchvision` from source?
  warn(
⚙️ Using FACTOR: 1.0
⚙️ World size: 2
✅ Data, Model, and Optimizer initialized.
💾 Checkpoint will be saved as: flow_models/model_20260519_200526.ckpt
✅ Data loaded: 70000 samples, 34 batches per process.
🔥 Starting Training for 5 epochs...
Epoch 1/5 | step 10 | batch 10/34 | loss -0.4107
Epoch 1/5 | step 20 | batch 20/34 | loss -0.6780
Epoch 1/5 | step 30 | batch 30/34 | loss -0.7887
Epoch 1 done | avg loss: -0.6295 | prior_var_mean: 0.9749
Epoch 2/5 | step 40 | batch 6/34 | loss -0.8394
Epoch 2/5 | step 50 | batch 16/34 | loss -0.8835
Epoch 2/5 | step 60 | batch 26/34 | loss -0.9179
Epoch 2 done | avg loss: -0.8784 | prior_var_mean: 0.9973
Epoch 3/5 | step 70 | batch 2/34 | loss -0.9551
Epoch 3/5 | step 80 | batch 12/34 | loss -0.9533
Epoch 3/5 | step 90 | batch 22/34 | loss -0.9707
Epoch 3/5 | step 100 | batch 32/34 | loss -1.0071
Epoch 3 done | avg loss: -0.9683 | prior_var_mean: 0.9997
Epoch 4/5 | step 110 | batch 8/34 | loss -1.0195
Epoch 4/5 | step 120 | batch 18/34 | loss -1.0501
Epoch 4/5 | step 130 | batch 28/34 | loss -1.0579
Epoch 4 done | avg loss: -1.0448 | prior_var_mean: 1.0066
Epoch 5/5 | step 140 | batch 4/34 | loss -1.0897
Epoch 5/5 | step 150 | batch 14/34 | loss -1.1315
Epoch 5/5 | step 160 | batch 24/34 | loss -1.1480
Epoch 5/5 | step 170 | batch 34/34 | loss -1.1703
Epoch 5 done | avg loss: -1.1345 | prior_var_mean: 1.0038

✅ Training complete!
Total training time: 79.59 seconds
