Loading pytorch-gpu/py3/2.3.1
  Loading requirement: cuda/12.4.1 nccl/2.21.5-1-cuda cudnn/9.2.0.82-cuda
    gcc/11.5.0 openmpi/4.1.5-cuda intel-oneapi-mkl/2024.1 magma/2.8.0-cuda
    sox/14.4.2 hdf5/1.12.0-mpi-cuda libjpeg-turbo/2.1.3 ffmpeg/6.1.1
============================================================
[BASELINE SINGLE GPU] Array task 2 — batch size = 1024
============================================================
/lustre/fshomisc/sup/pub/anaconda-py3/h100/2024.06/envs/pytorch-gpu-2.3.1+py3.11.9/lib/python3.11/site-packages/torchvision-0.18.1a0+126fc22-py3.11-linux-x86_64.egg/torchvision/io/image.py:13: UserWarning: Failed to load image Python extension: ''If you don't plan on using image functionality from `torchvision.io`, you can ignore this warning. Otherwise, there might be something wrong with your environment. Did you have `libjpeg` or `libpng` installed before building `torchvision` from source?
  warn(
⚙️ Using FACTOR: 1.0
⚙️ Device: cuda
✅ Data loaded: 70000 samples, 68 batches.
✅ Data, Model, and Optimizer initialized.
💾 Checkpoint will be saved as: flow_models/model_20260519_203122.ckpt
🔥 Starting Training for 5 epochs...
Epoch 1/5 | step 10 | batch 10/68 | loss -0.5083
Epoch 1/5 | step 20 | batch 20/68 | loss -0.6818
Epoch 1/5 | step 30 | batch 30/68 | loss -0.7923
Epoch 1/5 | step 40 | batch 40/68 | loss -0.8754
Epoch 1/5 | step 50 | batch 50/68 | loss -0.9106
Epoch 1/5 | step 60 | batch 60/68 | loss -0.9277
Epoch 1 done | avg loss: -0.7261 | prior_var_mean: 1.0068
Epoch 2/5 | step 70 | batch 2/68 | loss -0.9496
Epoch 2/5 | step 80 | batch 12/68 | loss -0.9674
Epoch 2/5 | step 90 | batch 22/68 | loss -0.9877
Epoch 2/5 | step 100 | batch 32/68 | loss -1.0093
Epoch 2/5 | step 110 | batch 42/68 | loss -1.0356
Epoch 2/5 | step 120 | batch 52/68 | loss -1.0594
Epoch 2/5 | step 130 | batch 62/68 | loss -1.0934
Epoch 2 done | avg loss: -1.0181 | prior_var_mean: 1.0084
Epoch 3/5 | step 140 | batch 4/68 | loss -1.1006
Epoch 3/5 | step 150 | batch 14/68 | loss -1.1018
Epoch 3/5 | step 160 | batch 24/68 | loss -1.1677
Epoch 3/5 | step 170 | batch 34/68 | loss -1.1928
Epoch 3/5 | step 180 | batch 44/68 | loss -1.1687
Epoch 3/5 | step 190 | batch 54/68 | loss -1.2024
Epoch 3/5 | step 200 | batch 64/68 | loss -1.1991
Epoch 3 done | avg loss: -1.1637 | prior_var_mean: 0.9849
Epoch 4/5 | step 210 | batch 6/68 | loss -1.2218
Epoch 4/5 | step 220 | batch 16/68 | loss -1.2418
Epoch 4/5 | step 230 | batch 26/68 | loss -1.2316
Epoch 4/5 | step 240 | batch 36/68 | loss -1.1887
Epoch 4/5 | step 250 | batch 46/68 | loss -1.2290
Epoch 4/5 | step 260 | batch 56/68 | loss -1.2634
Epoch 4/5 | step 270 | batch 66/68 | loss -1.2586
Epoch 4 done | avg loss: -1.2363 | prior_var_mean: 0.9981
Epoch 5/5 | step 280 | batch 8/68 | loss -1.2494
Epoch 5/5 | step 290 | batch 18/68 | loss -1.2372
Epoch 5/5 | step 300 | batch 28/68 | loss -1.2655
Epoch 5/5 | step 310 | batch 38/68 | loss -1.2742
Epoch 5/5 | step 320 | batch 48/68 | loss -1.2777
Epoch 5/5 | step 330 | batch 58/68 | loss -1.2162
Epoch 5/5 | step 340 | batch 68/68 | loss -1.2900
Epoch 5 done | avg loss: -1.2625 | prior_var_mean: 1.0124

✅ Training complete!
Total training time: 147.67 seconds
