Loading pytorch-gpu/py3/2.3.1
  Loading requirement: cuda/12.4.1 nccl/2.21.5-1-cuda cudnn/9.2.0.82-cuda
    gcc/11.5.0 openmpi/4.1.5-cuda intel-oneapi-mkl/2024.1 magma/2.8.0-cuda
    sox/14.4.2 hdf5/1.12.0-mpi-cuda libjpeg-turbo/2.1.3 ffmpeg/6.1.1
/lustre/fshomisc/sup/pub/anaconda-py3/h100/2024.06/envs/pytorch-gpu-2.3.1+py3.11.9/lib/python3.11/site-packages/torchvision-0.18.1a0+126fc22-py3.11-linux-x86_64.egg/torchvision/io/image.py:13: UserWarning: Failed to load image Python extension: ''If you don't plan on using image functionality from `torchvision.io`, you can ignore this warning. Otherwise, there might be something wrong with your environment. Did you have `libjpeg` or `libpng` installed before building `torchvision` from source?
  warn(
/lustre/fshomisc/sup/pub/anaconda-py3/h100/2024.06/envs/pytorch-gpu-2.3.1+py3.11.9/lib/python3.11/site-packages/torchvision-0.18.1a0+126fc22-py3.11-linux-x86_64.egg/torchvision/io/image.py:13: UserWarning: Failed to load image Python extension: ''If you don't plan on using image functionality from `torchvision.io`, you can ignore this warning. Otherwise, there might be something wrong with your environment. Did you have `libjpeg` or `libpng` installed before building `torchvision` from source?
  warn(
⚙️ Using FACTOR: 1.0
⚙️ World size: 2
✅ Data, Model, and Optimizer initialized.
💾 Checkpoint will be saved as: flow_models/model_20260519_222032.ckpt
✅ Data loaded: 70000 samples, 8 batches per process.
🔥 Starting Training for 5 epochs...
Error in sys.excepthook:
Traceback (most recent call last):
  File "/lustre/fshomisc/sup/pub/anaconda-py3/h100/2024.06/envs/pytorch-gpu-2.3.1+py3.11.9/lib/python3.11/site-packages/torch/distributed/distributed_c10d.py", line 1339, in _distributed_excepthook
    prefix = f"[rank{get_rank()}]"
                     ^^^^^^^^^^
  File "/lustre/fshomisc/sup/pub/anaconda-py3/h100/2024.06/envs/pytorch-gpu-2.3.1+py3.11.9/lib/python3.11/site-packages/torch/distributed/distributed_c10d.py", line 1746, in get_rank
    default_pg = _get_default_group()
                 ^^^^^^^^^^^^^^^^^^^^
  File "/lustre/fshomisc/sup/pub/anaconda-py3/h100/2024.06/envs/pytorch-gpu-2.3.1+py3.11.9/lib/python3.11/site-packages/torch/distributed/distributed_c10d.py", line 1008, in _get_default_group
    raise ValueError(
ValueError: Default process group has not been initialized, please make sure to call init_process_group.

Original exception was:
Traceback (most recent call last):
  File "/lustre/fswork/projects/rech/ltc/ufk94qf/hackathon_project/train_torch_ddp_fwd.py", line 315, in <module>
    main(local_rank, args.batch_size)
  File "/lustre/fswork/projects/rech/ltc/ufk94qf/hackathon_project/train_torch_ddp_fwd.py", line 226, in main
    z, outputs, logdets = model(x, y)
                          ^^^^^^^^^^^
  File "/lustre/fshomisc/sup/pub/anaconda-py3/h100/2024.06/envs/pytorch-gpu-2.3.1+py3.11.9/lib/python3.11/site-packages/torch/nn/modules/module.py", line 1532, in _wrapped_call_impl
    return self._call_impl(*args, **kwargs)
           ^^^^^^^^^^^^^^^^^^^^^^^^^^^^^^^^
  File "/lustre/fshomisc/sup/pub/anaconda-py3/h100/2024.06/envs/pytorch-gpu-2.3.1+py3.11.9/lib/python3.11/site-packages/torch/nn/modules/module.py", line 1541, in _call_impl
    return forward_call(*args, **kwargs)
           ^^^^^^^^^^^^^^^^^^^^^^^^^^^^^
  File "/lustre/fshomisc/sup/pub/anaconda-py3/h100/2024.06/envs/pytorch-gpu-2.3.1+py3.11.9/lib/python3.11/site-packages/torch/nn/parallel/distributed.py", line 1593, in forward
    else self._run_ddp_forward(*inputs, **kwargs)
         ^^^^^^^^^^^^^^^^^^^^^^^^^^^^^^^^^^^^^^^^
  File "/lustre/fshomisc/sup/pub/anaconda-py3/h100/2024.06/envs/pytorch-gpu-2.3.1+py3.11.9/lib/python3.11/site-packages/torch/nn/parallel/distributed.py", line 1411, in _run_ddp_forward
    return self.module(*inputs, **kwargs)  # type: ignore[index]
           ^^^^^^^^^^^^^^^^^^^^^^^^^^^^^^
  File "/lustre/fshomisc/sup/pub/anaconda-py3/h100/2024.06/envs/pytorch-gpu-2.3.1+py3.11.9/lib/python3.11/site-packages/torch/nn/modules/module.py", line 1532, in _wrapped_call_impl
    return self._call_impl(*args, **kwargs)
           ^^^^^^^^^^^^^^^^^^^^^^^^^^^^^^^^
  File "/lustre/fshomisc/sup/pub/anaconda-py3/h100/2024.06/envs/pytorch-gpu-2.3.1+py3.11.9/lib/python3.11/site-packages/torch/nn/modules/module.py", line 1541, in _call_impl
    return forward_call(*args, **kwargs)
           ^^^^^^^^^^^^^^^^^^^^^^^^^^^^^
  File "/lustre/fswork/projects/rech/ltc/ufk94qf/hackathon_project/TarFlow/architecture.py", line 359, in forward
    x, logdet = block(x, y)
                ^^^^^^^^^^^
  File "/lustre/fshomisc/sup/pub/anaconda-py3/h100/2024.06/envs/pytorch-gpu-2.3.1+py3.11.9/lib/python3.11/site-packages/torch/nn/modules/module.py", line 1532, in _wrapped_call_impl
    return self._call_impl(*args, **kwargs)
           ^^^^^^^^^^^^^^^^^^^^^^^^^^^^^^^^
  File "/lustre/fshomisc/sup/pub/anaconda-py3/h100/2024.06/envs/pytorch-gpu-2.3.1+py3.11.9/lib/python3.11/site-packages/torch/nn/modules/module.py", line 1541, in _call_impl
    return forward_call(*args, **kwargs)
           ^^^^^^^^^^^^^^^^^^^^^^^^^^^^^
  File "/lustre/fswork/projects/rech/ltc/ufk94qf/hackathon_project/TarFlow/architecture.py", line 211, in forward
    x = block(x, self.attn_mask)
        ^^^^^^^^^^^^^^^^^^^^^^^^
  File "/lustre/fshomisc/sup/pub/anaconda-py3/h100/2024.06/envs/pytorch-gpu-2.3.1+py3.11.9/lib/python3.11/site-packages/torch/nn/modules/module.py", line 1532, in _wrapped_call_impl
    return self._call_impl(*args, **kwargs)
           ^^^^^^^^^^^^^^^^^^^^^^^^^^^^^^^^
  File "/lustre/fshomisc/sup/pub/anaconda-py3/h100/2024.06/envs/pytorch-gpu-2.3.1+py3.11.9/lib/python3.11/site-packages/torch/nn/modules/module.py", line 1541, in _call_impl
    return forward_call(*args, **kwargs)
           ^^^^^^^^^^^^^^^^^^^^^^^^^^^^^
  File "/lustre/fswork/projects/rech/ltc/ufk94qf/hackathon_project/TarFlow/architecture.py", line 149, in forward
    x = x + self.attention(x, attn_mask, attn_temp, which_cache)
            ^^^^^^^^^^^^^^^^^^^^^^^^^^^^^^^^^^^^^^^^^^^^^^^^^^^^
  File "/lustre/fshomisc/sup/pub/anaconda-py3/h100/2024.06/envs/pytorch-gpu-2.3.1+py3.11.9/lib/python3.11/site-packages/torch/nn/modules/module.py", line 1532, in _wrapped_call_impl
    return self._call_impl(*args, **kwargs)
           ^^^^^^^^^^^^^^^^^^^^^^^^^^^^^^^^
  File "/lustre/fshomisc/sup/pub/anaconda-py3/h100/2024.06/envs/pytorch-gpu-2.3.1+py3.11.9/lib/python3.11/site-packages/torch/nn/modules/module.py", line 1541, in _call_impl
    return forward_call(*args, **kwargs)
           ^^^^^^^^^^^^^^^^^^^^^^^^^^^^^
  File "/lustre/fswork/projects/rech/ltc/ufk94qf/hackathon_project/TarFlow/architecture.py", line 118, in forward
    return self.forward_spda(x, mask, temp, which_cache)
           ^^^^^^^^^^^^^^^^^^^^^^^^^^^^^^^^^^^^^^^^^^^^^
  File "/lustre/fswork/projects/rech/ltc/ufk94qf/hackathon_project/TarFlow/architecture.py", line 58, in forward_spda
    self.qkv(x)
  File "/lustre/fshomisc/sup/pub/anaconda-py3/h100/2024.06/envs/pytorch-gpu-2.3.1+py3.11.9/lib/python3.11/site-packages/torch/nn/modules/module.py", line 1532, in _wrapped_call_impl
    return self._call_impl(*args, **kwargs)
           ^^^^^^^^^^^^^^^^^^^^^^^^^^^^^^^^
  File "/lustre/fshomisc/sup/pub/anaconda-py3/h100/2024.06/envs/pytorch-gpu-2.3.1+py3.11.9/lib/python3.11/site-packages/torch/nn/modules/module.py", line 1541, in _call_impl
    return forward_call(*args, **kwargs)
           ^^^^^^^^^^^^^^^^^^^^^^^^^^^^^
  File "/lustre/fshomisc/sup/pub/anaconda-py3/h100/2024.06/envs/pytorch-gpu-2.3.1+py3.11.9/lib/python3.11/site-packages/torch/nn/modules/linear.py", line 116, in forward
    return F.linear(input, self.weight, self.bias)
           ^^^^^^^^^^^^^^^^^^^^^^^^^^^^^^^^^^^^^^^
torch.cuda.OutOfMemoryError: CUDA out of memory. Tried to allocate 1024.00 MiB. GPU 
Error in sys.excepthook:
Traceback (most recent call last):
  File "/lustre/fshomisc/sup/pub/anaconda-py3/h100/2024.06/envs/pytorch-gpu-2.3.1+py3.11.9/lib/python3.11/site-packages/torch/distributed/distributed_c10d.py", line 1339, in _distributed_excepthook
    prefix = f"[rank{get_rank()}]"
                     ^^^^^^^^^^
  File "/lustre/fshomisc/sup/pub/anaconda-py3/h100/2024.06/envs/pytorch-gpu-2.3.1+py3.11.9/lib/python3.11/site-packages/torch/distributed/distributed_c10d.py", line 1746, in get_rank
    default_pg = _get_default_group()
                 ^^^^^^^^^^^^^^^^^^^^
  File "/lustre/fshomisc/sup/pub/anaconda-py3/h100/2024.06/envs/pytorch-gpu-2.3.1+py3.11.9/lib/python3.11/site-packages/torch/distributed/distributed_c10d.py", line 1008, in _get_default_group
    raise ValueError(
ValueError: Default process group has not been initialized, please make sure to call init_process_group.

Original exception was:
Traceback (most recent call last):
  File "/lustre/fswork/projects/rech/ltc/ufk94qf/hackathon_project/train_torch_ddp_fwd.py", line 315, in <module>
    main(local_rank, args.batch_size)
  File "/lustre/fswork/projects/rech/ltc/ufk94qf/hackathon_project/train_torch_ddp_fwd.py", line 226, in main
    z, outputs, logdets = model(x, y)
                          ^^^^^^^^^^^
  File "/lustre/fshomisc/sup/pub/anaconda-py3/h100/2024.06/envs/pytorch-gpu-2.3.1+py3.11.9/lib/python3.11/site-packages/torch/nn/modules/module.py", line 1532, in _wrapped_call_impl
    return self._call_impl(*args, **kwargs)
           ^^^^^^^^^^^^^^^^^^^^^^^^^^^^^^^^
  File "/lustre/fshomisc/sup/pub/anaconda-py3/h100/2024.06/envs/pytorch-gpu-2.3.1+py3.11.9/lib/python3.11/site-packages/torch/nn/modules/module.py", line 1541, in _call_impl
    return forward_call(*args, **kwargs)
           ^^^^^^^^^^^^^^^^^^^^^^^^^^^^^
  File "/lustre/fshomisc/sup/pub/anaconda-py3/h100/2024.06/envs/pytorch-gpu-2.3.1+py3.11.9/lib/python3.11/site-packages/torch/nn/parallel/distributed.py", line 1593, in forward
    else self._run_ddp_forward(*inputs, **kwargs)
         ^^^^^^^^^^^^^^^^^^^^^^^^^^^^^^^^^^^^^^^^
  File "/lustre/fshomisc/sup/pub/anaconda-py3/h100/2024.06/envs/pytorch-gpu-2.3.1+py3.11.9/lib/python3.11/site-packages/torch/nn/parallel/distributed.py", line 1411, in _run_ddp_forward
    return self.module(*inputs, **kwargs)  # type: ignore[index]
           ^^^^^^^^^^^^^^^^^^^^^^^^^^^^^^
  File "/lustre/fshomisc/sup/pub/anaconda-py3/h100/2024.06/envs/pytorch-gpu-2.3.1+py3.11.9/lib/python3.11/site-packages/torch/nn/modules/module.py", line 1532, in _wrapped_call_impl
    return self._call_impl(*args, **kwargs)
           ^^^^^^^^^^^^^^^^^^^^^^^^^^^^^^^^
  File "/lustre/fshomisc/sup/pub/anaconda-py3/h100/2024.06/envs/pytorch-gpu-2.3.1+py3.11.9/lib/python3.11/site-packages/torch/nn/modules/module.py", line 1541, in _call_impl
    return forward_call(*args, **kwargs)
           ^^^^^^^^^^^^^^^^^^^^^^^^^^^^^
  File "/lustre/fswork/projects/rech/ltc/ufk94qf/hackathon_project/TarFlow/architecture.py", line 359, in forward
    x, logdet = block(x, y)
                ^^^^^^^^^^^
  File "/lustre/fshomisc/sup/pub/anaconda-py3/h100/2024.06/envs/pytorch-gpu-2.3.1+py3.11.9/lib/python3.11/site-packages/torch/nn/modules/module.py", line 1532, in _wrapped_call_impl
    return self._call_impl(*args, **kwargs)
           ^^^^^^^^^^^^^^^^^^^^^^^^^^^^^^^^
  File "/lustre/fshomisc/sup/pub/anaconda-py3/h100/2024.06/envs/pytorch-gpu-2.3.1+py3.11.9/lib/python3.11/site-packages/torch/nn/modules/module.py", line 1541, in _call_impl
    return forward_call(*args, **kwargs)
           ^^^^^^^^^^^^^^^^^^^^^^^^^^^^^
  File "/lustre/fswork/projects/rech/ltc/ufk94qf/hackathon_project/TarFlow/architecture.py", line 211, in forward
    x = block(x, self.attn_mask)
        ^^^^^^^^^^^^^^^^^^^^^^^^
  File "/lustre/fshomisc/sup/pub/anaconda-py3/h100/2024.06/envs/pytorch-gpu-2.3.1+py3.11.9/lib/python3.11/site-packages/torch/nn/modules/module.py", line 1532, in _wrapped_call_impl
    return self._call_impl(*args, **kwargs)
           ^^^^^^^^^^^^^^^^^^^^^^^^^^^^^^^^
  File "/lustre/fshomisc/sup/pub/anaconda-py3/h100/2024.06/envs/pytorch-gpu-2.3.1+py3.11.9/lib/python3.11/site-packages/torch/nn/modules/module.py", line 1541, in _call_impl
    return forward_call(*args, **kwargs)
           ^^^^^^^^^^^^^^^^^^^^^^^^^^^^^
  File "/lustre/fswork/projects/rech/ltc/ufk94qf/hackathon_project/TarFlow/architecture.py", line 149, in forward
    x = x + self.attention(x, attn_mask, attn_temp, which_cache)
            ^^^^^^^^^^^^^^^^^^^^^^^^^^^^^^^^^^^^^^^^^^^^^^^^^^^^
  File "/lustre/fshomisc/sup/pub/anaconda-py3/h100/2024.06/envs/pytorch-gpu-2.3.1+py3.11.9/lib/python3.11/site-packages/torch/nn/modules/module.py", line 1532, in _wrapped_call_impl
    return self._call_impl(*args, **kwargs)
           ^^^^^^^^^^^^^^^^^^^^^^^^^^^^^^^^
  File "/lustre/fshomisc/sup/pub/anaconda-py3/h100/2024.06/envs/pytorch-gpu-2.3.1+py3.11.9/lib/python3.11/site-packages/torch/nn/modules/module.py", line 1541, in _call_impl
    return forward_call(*args, **kwargs)
           ^^^^^^^^^^^^^^^^^^^^^^^^^^^^^
  File "/lustre/fswork/projects/rech/ltc/ufk94qf/hackathon_project/TarFlow/architecture.py", line 118, in forward
    return self.forward_spda(x, mask, temp, which_cache)
           ^^^^^^^^^^^^^^^^^^^^^^^^^^^^^^^^^^^^^^^^^^^^^
  File "/lustre/fswork/projects/rech/ltc/ufk94qf/hackathon_project/TarFlow/architecture.py", line 58, in forward_spda
    self.qkv(x)
  File "/lustre/fshomisc/sup/pub/anaconda-py3/h100/2024.06/envs/pytorch-gpu-2.3.1+py3.11.9/lib/python3.11/site-packages/torch/nn/modules/module.py", line 1532, in _wrapped_call_impl
    return self._call_impl(*args, **kwargs)
           ^^^^^^^^^^^^^^^^^^^^^^^^^^^^^^^^
  File "/lustre/fshomisc/sup/pub/anaconda-py3/h100/2024.06/envs/pytorch-gpu-2.3.1+py3.11.9/lib/python3.11/site-packages/torch/nn/modules/module.py", line 1541, in _call_impl
    return forward_call(*args, **kwargs)
           ^^^^^^^^^^^^^^^^^^^^^^^^^^^^^
  File "/lustre/fshomisc/sup/pub/anaconda-py3/h100/2024.06/envs/pytorch-gpu-2.3.1+py3.11.9/lib/python3.11/site-packages/torch/nn/modules/linear.py", line 116, in forward
    return F.linear(input, self.weight, self.bias)
           ^^^^^^^^^^^^^^^^^^^^^^^^^^^^^^^^^^^^^^^
torch.cuda.OutOfMemoryError: CUDA out of memory. Tried to allocate 1024.00 MiB. GPU  has a total capacity of 79.18 GiB of which 440.88 MiB is free. Including non-PyTorch memory, this process has 78.73 GiB memory in use. Of the allocated memory 76.93 GiB is allocated by PyTorch, and 707.20 MiB is reserved by PyTorch but unallocated. If reserved but unallocated memory is large try setting PYTORCH_CUDA_ALLOC_CONF=expandable_segments:True to avoid fragmentation.  See documentation for Memory Management  (https://pytorch.org/docs/stable/notes/cuda.html#environment-variables)
E0519 22:20:45.753000 22377621500864 torch/distributed/elastic/multiprocessing/api.py:826] failed (exitcode: 1) local_rank: 0 (pid: 1969233) of binary: /lustre/fshomisc/sup/pub/anaconda-py3/h100/2024.06/envs/pytorch-gpu-2.3.1+py3.11.9/bin/python
Traceback (most recent call last):
  File "/lustre/fshomisc/sup/pub/anaconda-py3/h100/2024.06/envs/pytorch-gpu-2.3.1+py3.11.9/bin/torchrun", line 33, in <module>
    sys.exit(load_entry_point('torch==2.3.1', 'console_scripts', 'torchrun')())
             ^^^^^^^^^^^^^^^^^^^^^^^^^^^^^^^^^^^^^^^^^^^^^^^^^^^^^^^^^^^^^^^^^
  File "/lustre/fshomisc/sup/pub/anaconda-py3/h100/2024.06/envs/pytorch-gpu-2.3.1+py3.11.9/lib/python3.11/site-packages/torch/distributed/elastic/multiprocessing/errors/__init__.py", line 347, in wrapper
    return f(*args, **kwargs)
           ^^^^^^^^^^^^^^^^^^
  File "/lustre/fshomisc/sup/pub/anaconda-py3/h100/2024.06/envs/pytorch-gpu-2.3.1+py3.11.9/lib/python3.11/site-packages/torch/distributed/run.py", line 879, in main
    run(args)
  File "/lustre/fshomisc/sup/pub/anaconda-py3/h100/2024.06/envs/pytorch-gpu-2.3.1+py3.11.9/lib/python3.11/site-packages/torch/distributed/run.py", line 870, in run
    elastic_launch(
  File "/lustre/fshomisc/sup/pub/anaconda-py3/h100/2024.06/envs/pytorch-gpu-2.3.1+py3.11.9/lib/python3.11/site-packages/torch/distributed/launcher/api.py", line 132, in __call__
    return launch_agent(self._config, self._entrypoint, list(args))
           ^^^^^^^^^^^^^^^^^^^^^^^^^^^^^^^^^^^^^^^^^^^^^^^^^^^^^^^^
  File "/lustre/fshomisc/sup/pub/anaconda-py3/h100/2024.06/envs/pytorch-gpu-2.3.1+py3.11.9/lib/python3.11/site-packages/torch/distributed/launcher/api.py", line 263, in launch_agent
    raise ChildFailedError(
torch.distributed.elastic.multiprocessing.errors.ChildFailedError: 
============================================================
train_torch_ddp_fwd.py FAILED
------------------------------------------------------------
Failures:
[1]:
  time      : 2026-05-19_22:20:45
  host      : jzxh080.hpc.idris.fr
  rank      : 1 (local_rank: 1)
  exitcode  : 1 (pid: 1969234)
  error_file: <N/A>
  traceback : To enable traceback see: https://pytorch.org/docs/stable/elastic/errors.html
------------------------------------------------------------
Root Cause (first observed failure):
[0]:
  time      : 2026-05-19_22:20:45
  host      : jzxh080.hpc.idris.fr
  rank      : 0 (local_rank: 0)
  exitcode  : 1 (pid: 1969233)
  error_file: <N/A>
  traceback : To enable traceback see: https://pytorch.org/docs/stable/elastic/errors.html
============================================================
Processing events...
Generated:
srun: error: jzxh080: task 0: Exited with exit code 1
srun: Terminating StepId=1016598.0
